#0 building with "default" instance using docker driver

#1 [internal] load build definition from Dockerfile
#1 transferring dockerfile: 8.83kB done
#1 DONE 0.1s

#2 [internal] load metadata for docker.io/rocker/tidyverse:4.4
#2 ...

#3 [auth] rocker/tidyverse:pull token for registry-1.docker.io
#3 DONE 0.0s

#2 [internal] load metadata for docker.io/rocker/tidyverse:4.4
#2 DONE 2.1s

#4 [internal] load .dockerignore
#4 transferring context: 2B done
#4 DONE 0.2s

#5 [ 1/38] FROM docker.io/rocker/tidyverse:4.4@sha256:c03f04e99591b27c1026e7d55e77155817b4cbf05301df50c6fce960b5257ca7
#5 DONE 0.0s

#6 [internal] load build context
#6 transferring context: 483B done
#6 DONE 0.3s

#7 [21/38] COPY Code/copy-htmldocs.R /tmp/copy-htmldocs.R
#7 CACHED

#8 [ 4/38] WORKDIR /tmp
#8 CACHED

#9 [23/38] RUN echo "EPICONDUCTOR_CONTAINER_DB=postgres" >> /usr/local/lib/R/etc/Renviron.site
#9 CACHED

#10 [12/38] COPY Code/utils/postgres-helpers.R /tmp/postgres-helpers.R
#10 CACHED

#11 [37/38] RUN chmod 700 /startup/startup.sh
#11 CACHED

#12 [22/38] RUN mkdir /htmldoc     && Rscript /tmp/copy-htmldocs.R
#12 CACHED

#13 [35/38] RUN mkdir /startup
#13 CACHED

#14 [ 9/38] RUN git config --system credential.helper 'cache --timeout 86400'
#14 CACHED

#15 [17/38] COPY Code/utils/translate-table.R /tmp/translate-table.R
#15 CACHED

#16 [24/38] RUN echo "EPICONDUCTOR_CONTAINER_VERSION=0.10.1" >> /usr/local/lib/R/etc/Renviron.site
#16 CACHED

#17 [36/38] COPY Container/startup.sh /startup/startup.sh
#17 CACHED

#18 [27/38] RUN echo "EPICONDUCTOR_CONTAINER_VERSION=0.10.1" >> /etc/environment
#18 CACHED

#19 [18/38] COPY Code/postgres-translated.R /tmp/postgres-translated.R
#19 CACHED

#20 [25/38] RUN echo "EPICONDUCTOR_COLLECTION_DATE=2024-10-21" >> /usr/local/lib/R/etc/Renviron.site
#20 CACHED

#21 [30/38] RUN chmod -R 777 /usr/local/lib/R/library
#21 CACHED

#22 [34/38] RUN sed -i "s/127.0.0.1\/32/0.0.0.0\/0/" /etc/postgresql/14/main/pg_hba.conf
#22 CACHED

#23 [ 3/38] RUN echo "en_US.UTF-8 UTF-8" >> /etc/locale.gen 	&& apt-get update && apt-get install -y locales 	&& locale-gen en_US.utf8 	&& /usr/sbin/update-locale LANG=en_US.UTF-8
#23 CACHED

#24 [10/38] RUN Rscript -e "install.packages('remotes')"
#24 CACHED

#25 [ 2/38] RUN apt-get update && 	apt-get -y install sudo 	&& echo "Set disable_coredump false" >> /etc/sudo.conf
#25 CACHED

#26 [ 6/38] RUN mkdir /var/run/sshd
#26 CACHED

#27 [26/38] RUN echo "EPICONDUCTOR_CONTAINER_DB=postgres" >> /etc/environment
#27 CACHED

#28 [15/38] COPY Code/postgres-rawdata.R /tmp/postgres-rawdata.R
#28 CACHED

#29 [ 5/38] RUN apt-get update     && apt-get install 	       -y 	       ca-certificates 	       curl 	       less 	       libgomp1 	       libpango-1.0-0 	       libxt6 	       libsm6 	       make 	       texinfo 	       texlive-latex-base 	       texlive-latex-recommended 	       fonts-noto 	       libtiff-dev 	       libpng-dev 	       libicu-dev 	       libpcre3 	       libpcre3-dev 	       libbz2-dev 	       liblzma-dev 	       gcc 	       g++ 	       openjdk-8-jre 	       openjdk-8-jdk 	       gfortran 	       libreadline-dev 	       libx11-dev 	       libcurl4-openssl-dev 	       libssl-dev 	       libxml2-dev 	       wget 	       openssh-server 	       ssh 	       xterm 	       xauth 	       screen 	       git 	       libgit2-dev 	       nano 	       emacs 	       gnupg 	       krb5-user 	       python3-dev 	       python3 	       python3-pip 	       libaio1 	       pkg-config 	       libkrb5-dev 	       unzip 	       cifs-utils 	       lsof 	       libnlopt-dev 	       libopenblas-openmp-dev 	       libpcre2-dev 	       systemd 	       libcairo2-dev 	       libharfbuzz-dev 	       libfribidi-dev 	       cmake 	       qpdf 	       postgresql postgresql-client phppgadmin libpq-dev     && rm -rf /var/lib/apt/lists/*
#29 CACHED

#30 [19/38] COPY Code/postgres-primary-keys.R /tmp/postgres-primary-keys.R
#30 CACHED

#31 [20/38] RUN service postgresql start     && sleep 5     && Rscript /tmp/postgres-translated.R     && Rscript /tmp/postgres-primary-keys.R     && service postgresql stop
#31 CACHED

#32 [31/38] RUN chmod -R 777 /usr/local/lib/R/site-library
#32 CACHED

#33 [13/38] COPY Code/postgres-setup.sql /tmp/postgres-setup.sql
#33 CACHED

#34 [16/38] RUN service postgresql start     && sleep 5     && sudo -u postgres psql --file=/tmp/postgres-setup.sql     && Rscript /tmp/postgres-setup.R     && Rscript /tmp/postgres-rawdata.R     && Rscript /tmp/postgres-rawdata.R     && service postgresql stop
#34 CACHED

#35 [29/38] RUN service postgresql start     && sleep 5     && Rscript -e "remotes:: install_github('deepayan/nhanes')"     && Rscript -e "remotes:: install_github('ainilaha/phonto', dependencies = TRUE, build_opts = '')"     && Rscript -e "install.packages(c('git2r', 'getPass', 'xlsx', 'forestplot', 'glmnet', 'glmpath', 'kableExtra', 'plotROC', 'sjPlot', 'survey', 'mitools', 'bookdown', 'lme4', 'survminer', 'DT', 'Hmisc', 'latticeExtra'))"     && service postgresql stop
#35 CACHED

#36 [28/38] RUN echo "EPICONDUCTOR_COLLECTION_DATE=2024-10-21" >> /etc/environment
#36 CACHED

#37 [33/38] RUN sed -i "s/#listen_addresses = 'localhost'/listen_addresses = '*'/" /etc/postgresql/14/main/postgresql.conf
#37 CACHED

#38 [ 7/38] RUN sed -i 's!^#PasswordAuthentication yes!PasswordAuthentication yes!' /etc/ssh/sshd_config
#38 CACHED

#39 [32/38] RUN chmod -R 777 /usr/local/lib/R/doc/html/packages.html
#39 CACHED

#40 [ 8/38] RUN sed -i "s/^.*X11Forwarding.*$/X11Forwarding yes/" /etc/ssh/sshd_config     && sed -i "s/^.*X11UseLocalhost.*$/X11UseLocalhost no/" /etc/ssh/sshd_config     && grep "^X11UseLocalhost" /etc/ssh/sshd_config || echo "X11UseLocalhost no" >> /etc/ssh/sshd_config
#40 CACHED

#41 [11/38] RUN mkdir /status
#41 CACHED

#42 [14/38] COPY Code/postgres-setup.R /tmp/postgres-setup.R
#42 CACHED

#43 [38/38] RUN mkdir /HostData
#43 CACHED

#44 exporting to image
#44 exporting layers done
#44 writing image sha256:3d78f21af4f2d1162f63982c081ce39f757469e8444caba1b1427ffdae295eed 0.0s done
#44 naming to docker.io/library/nhanes-postgres
#44 naming to docker.io/library/nhanes-postgres 0.1s done
#44 DONE 0.2s
